dyld: <E464AA19-B280-3250-96FA-FA4655851C73> /usr/bin/git
dyld: <D694E34C-FA1B-34E3-BAAA-B6CE9B8854A2> /usr/lib/libxcselect.dylib
dyld: <EADFB1D1-E113-35B4-BD2D-C1E4C38010D4> /usr/lib/libSystem.B.dylib
dyld: <ED7D7EB4-B248-33A9-9E6A-58F45EAB7602> /usr/lib/system/libcache.dylib
dyld: <EA0C1728-C905-3A58-A285-C32ECF903BB4> /usr/lib/system/libcommonCrypto.dylib
dyld: <AD12DBB0-8D0B-3D71-800D-E591A3CBE0D8> /usr/lib/system/libcompiler_rt.dylib
dyld: <DDE4BE71-76BA-3CDC-B3B0-F5E0BADF8FF2> /usr/lib/system/libcopyfile.dylib
dyld: <96A88875-7771-394E-A88E-389DCD02A935> /usr/lib/system/libcorecrypto.dylib
dyld: <6B7B23E3-2FD4-3EA2-8A89-CE06244CCA98> /usr/lib/system/libdispatch.dylib
dyld: <9F95C644-D1BD-38D9-9612-6188FE9EA53C> /usr/lib/system/libdyld.dylib
dyld: <1A66B854-350D-3064-A606-2D9BFE71C400> /usr/lib/system/libkeymgr.dylib
dyld: <3C5E58AF-F753-378B-8E0C-F3C9BB82E04D> /usr/lib/system/liblaunch.dylib
dyld: <D503EC4A-6B6A-39C4-8218-9F4B6147A5BF> /usr/lib/system/libmacho.dylib
dyld: <FABCD375-2FD7-3FF5-9A28-452D8A323D3E> /usr/lib/system/libquarantine.dylib
dyld: <DC4523F8-F5FF-3837-BD58-0AA8763F8FDE> /usr/lib/system/libremovefile.dylib
dyld: <4D4E0D4F-8B40-3ACC-85E1-16375966D6CC> /usr/lib/system/libsystem_asl.dylib
dyld: <1C8538C3-F2BE-3F02-89AE-E7052DE66D51> /usr/lib/system/libsystem_blocks.dylib
dyld: <DF45CDEC-6B7E-3586-94B4-F3679A762661> /usr/lib/system/libsystem_c.dylib
dyld: <8B0EA86C-AFA8-3B51-916F-7ED9A42669A4> /usr/lib/system/libsystem_collections.dylib
dyld: <49050F1E-3143-31B9-8B5C-FCCE4C6F23E5> /usr/lib/system/libsystem_configuration.dylib
dyld: <3BAF45DD-75D2-3D8A-845E-83A7058CBA08> /usr/lib/system/libsystem_containermanager.dylib
dyld: <A1451528-AD1D-3E86-93A9-1340535FAF46> /usr/lib/system/libsystem_coreservices.dylib
dyld: <28AB0CBC-61F6-3A01-BCE2-A53DA1AECB0F> /usr/lib/system/libsystem_darwin.dylib
dyld: <600B1851-C1D4-3ACF-BE2A-99E7E40E6FC0> /usr/lib/system/libsystem_dnssd.dylib
dyld: <FEA91919-A5BB-3606-9445-F2077D90BF87> /usr/lib/system/libsystem_featureflags.dylib
dyld: <C189F0D7-A430-328D-BD7F-7EB0FA023736> /usr/lib/system/libsystem_info.dylib
dyld: <2F75F75F-DB36-3841-988F-48A7237ED6E9> /usr/lib/system/libsystem_m.dylib
dyld: <029B5632-62B4-39F6-981C-BCA99C1FBF1D> /usr/lib/system/libsystem_malloc.dylib
dyld: <33F45B5A-D346-3E7F-AB34-DFC4387E5A3C> /usr/lib/system/libsystem_networkextension.dylib
dyld: <1AA89769-E07F-37CD-BBCF-6DBD345862EB> /usr/lib/system/libsystem_notify.dylib
dyld: <4CCFBF85-6483-364F-A8D6-A5D2956BEC52> /usr/lib/system/libsystem_product_info_filter.dylib
dyld: <24C8DF94-E258-3E24-AC96-2D1FB85F076A> /usr/lib/system/libsystem_sandbox.dylib
dyld: <18494A83-796C-33D5-A6D0-BD4E0C2BBFC4> /usr/lib/system/libsystem_secinit.dylib
dyld: <62A19DE4-50C5-3866-B5B2-43220E379C3B> /usr/lib/system/libsystem_kernel.dylib
dyld: <03429519-EBEA-3549-84A6-0FD426CB7373> /usr/lib/system/libsystem_platform.dylib
dyld: <52F807B1-41A0-3D1E-AE89-115CA570863F> /usr/lib/system/libsystem_pthread.dylib
dyld: <226C631F-5380-395A-AA20-D686AEA05B9B> /usr/lib/system/libsystem_symptoms.dylib
dyld: <1AAE1F8F-9F9D-3327-8A95-3A6887CED713> /usr/lib/system/libsystem_trace.dylib
dyld: <32F74246-BEB8-3249-8C51-CAD863EF158E> /usr/lib/system/libunwind.dylib
dyld: <CFB56DA8-7462-3E8F-9CFB-20926C6A2BB5> /usr/lib/system/libxpc.dylib
dyld: <929E3040-4605-3C14-885B-D742EF02F2CB> /usr/lib/libobjc.A.dylib
dyld: <22AFC7FC-2DB6-3EF0-9CC0-EFFB9B65D5E2> /usr/lib/libc++abi.dylib
dyld: <E3126D8C-F1F5-3E30-B7A2-0EB1AB0AF12D> /usr/lib/liboah.dylib
dyld: <B027735F-B398-381C-84A7-606D7BBE4997> /usr/lib/libc++.1.dylib
dyld: load /Applications/Xcode.app/Contents/Developer/usr/lib/libxcrun.dylib
dyld: <AD0C4D8A-9200-3F5F-9DED-D52D78CECE92> /Applications/Xcode.app/Contents/Developer/usr/lib/libxcrun.dylib
dyld: <895AFD1C-0307-32B3-81CB-BA33DA368DE1> /System/Library/Frameworks/CoreFoundation.framework/Versions/A/CoreFoundation
dyld: <3EDDC5DA-6FAD-3031-91C1-E3465C34E643> /usr/lib/libfakelink.dylib
dyld: <478D57C3-FFF8-35E1-A64F-8490A616AB37> /usr/lib/libicucore.A.dylib
dyld: <82988A53-B066-3D39-A314-CE3C5C3868DE> /System/Library/PrivateFrameworks/SoftLinking.framework/Versions/A/SoftLinking
dyld: <E464AA19-B280-3250-96FA-FA4655851C73> /usr/bin/git
dyld: <D694E34C-FA1B-34E3-BAAA-B6CE9B8854A2> /usr/lib/libxcselect.dylib
dyld: <EADFB1D1-E113-35B4-BD2D-C1E4C38010D4> /usr/lib/libSystem.B.dylib
dyld: <ED7D7EB4-B248-33A9-9E6A-58F45EAB7602> /usr/lib/system/libcache.dylib
dyld: <EA0C1728-C905-3A58-A285-C32ECF903BB4> /usr/lib/system/libcommonCrypto.dylib
dyld: <AD12DBB0-8D0B-3D71-800D-E591A3CBE0D8> /usr/lib/system/libcompiler_rt.dylib
dyld: <DDE4BE71-76BA-3CDC-B3B0-F5E0BADF8FF2> /usr/lib/system/libcopyfile.dylib
dyld: <96A88875-7771-394E-A88E-389DCD02A935> /usr/lib/system/libcorecrypto.dylib
dyld: <6B7B23E3-2FD4-3EA2-8A89-CE06244CCA98> /usr/lib/system/libdispatch.dylib
dyld: <9F95C644-D1BD-38D9-9612-6188FE9EA53C> /usr/lib/system/libdyld.dylib
dyld: <1A66B854-350D-3064-A606-2D9BFE71C400> /usr/lib/system/libkeymgr.dylib
dyld: <3C5E58AF-F753-378B-8E0C-F3C9BB82E04D> /usr/lib/system/liblaunch.dylib
dyld: <D503EC4A-6B6A-39C4-8218-9F4B6147A5BF> /usr/lib/system/libmacho.dylib
dyld: <FABCD375-2FD7-3FF5-9A28-452D8A323D3E> /usr/lib/system/libquarantine.dylib
dyld: <DC4523F8-F5FF-3837-BD58-0AA8763F8FDE> /usr/lib/system/libremovefile.dylib
dyld: <4D4E0D4F-8B40-3ACC-85E1-16375966D6CC> /usr/lib/system/libsystem_asl.dylib
dyld: <1C8538C3-F2BE-3F02-89AE-E7052DE66D51> /usr/lib/system/libsystem_blocks.dylib
dyld: <DF45CDEC-6B7E-3586-94B4-F3679A762661> /usr/lib/system/libsystem_c.dylib
dyld: <8B0EA86C-AFA8-3B51-916F-7ED9A42669A4> /usr/lib/system/libsystem_collections.dylib
dyld: <49050F1E-3143-31B9-8B5C-FCCE4C6F23E5> /usr/lib/system/libsystem_configuration.dylib
dyld: <3BAF45DD-75D2-3D8A-845E-83A7058CBA08> /usr/lib/system/libsystem_containermanager.dylib
dyld: <A1451528-AD1D-3E86-93A9-1340535FAF46> /usr/lib/system/libsystem_coreservices.dylib
dyld: <28AB0CBC-61F6-3A01-BCE2-A53DA1AECB0F> /usr/lib/system/libsystem_darwin.dylib
dyld: <600B1851-C1D4-3ACF-BE2A-99E7E40E6FC0> /usr/lib/system/libsystem_dnssd.dylib
dyld: <FEA91919-A5BB-3606-9445-F2077D90BF87> /usr/lib/system/libsystem_featureflags.dylib
dyld: <C189F0D7-A430-328D-BD7F-7EB0FA023736> /usr/lib/system/libsystem_info.dylib
dyld: <2F75F75F-DB36-3841-988F-48A7237ED6E9> /usr/lib/system/libsystem_m.dylib
dyld: <029B5632-62B4-39F6-981C-BCA99C1FBF1D> /usr/lib/system/libsystem_malloc.dylib
dyld: <33F45B5A-D346-3E7F-AB34-DFC4387E5A3C> /usr/lib/system/libsystem_networkextension.dylib
dyld: <1AA89769-E07F-37CD-BBCF-6DBD345862EB> /usr/lib/system/libsystem_notify.dylib
dyld: <4CCFBF85-6483-364F-A8D6-A5D2956BEC52> /usr/lib/system/libsystem_product_info_filter.dylib
dyld: <24C8DF94-E258-3E24-AC96-2D1FB85F076A> /usr/lib/system/libsystem_sandbox.dylib
dyld: <18494A83-796C-33D5-A6D0-BD4E0C2BBFC4> /usr/lib/system/libsystem_secinit.dylib
dyld: <62A19DE4-50C5-3866-B5B2-43220E379C3B> /usr/lib/system/libsystem_kernel.dylib
dyld: <03429519-EBEA-3549-84A6-0FD426CB7373> /usr/lib/system/libsystem_platform.dylib
dyld: <52F807B1-41A0-3D1E-AE89-115CA570863F> /usr/lib/system/libsystem_pthread.dylib
dyld: <226C631F-5380-395A-AA20-D686AEA05B9B> /usr/lib/system/libsystem_symptoms.dylib
dyld: <1AAE1F8F-9F9D-3327-8A95-3A6887CED713> /usr/lib/system/libsystem_trace.dylib
dyld: <32F74246-BEB8-3249-8C51-CAD863EF158E> /usr/lib/system/libunwind.dylib
dyld: <CFB56DA8-7462-3E8F-9CFB-20926C6A2BB5> /usr/lib/system/libxpc.dylib
dyld: <929E3040-4605-3C14-885B-D742EF02F2CB> /usr/lib/libobjc.A.dylib
dyld: <22AFC7FC-2DB6-3EF0-9CC0-EFFB9B65D5E2> /usr/lib/libc++abi.dylib
dyld: <E3126D8C-F1F5-3E30-B7A2-0EB1AB0AF12D> /usr/lib/liboah.dylib
dyld: <B027735F-B398-381C-84A7-606D7BBE4997> /usr/lib/libc++.1.dylib
dyld: load /Applications/Xcode.app/Contents/Developer/usr/lib/libxcrun.dylib
dyld: <AD0C4D8A-9200-3F5F-9DED-D52D78CECE92> /Applications/Xcode.app/Contents/Developer/usr/lib/libxcrun.dylib
dyld: <895AFD1C-0307-32B3-81CB-BA33DA368DE1> /System/Library/Frameworks/CoreFoundation.framework/Versions/A/CoreFoundation
dyld: <3EDDC5DA-6FAD-3031-91C1-E3465C34E643> /usr/lib/libfakelink.dylib
dyld: <478D57C3-FFF8-35E1-A64F-8490A616AB37> /usr/lib/libicucore.A.dylib
dyld: <82988A53-B066-3D39-A314-CE3C5C3868DE> /System/Library/PrivateFrameworks/SoftLinking.framework/Versions/A/SoftLinking
dyld: <54800E65-FC3F-3934-B0B9-AC12B5BB30D4> /usr/bin/less
dyld: <64DA10BA-71BD-33B0-B19B-28984C171A7D> /usr/lib/libncurses.5.4.dylib
dyld: <EADFB1D1-E113-35B4-BD2D-C1E4C38010D4> /usr/lib/libSystem.B.dylib
dyld: <ED7D7EB4-B248-33A9-9E6A-58F45EAB7602> /usr/lib/system/libcache.dylib
dyld: <EA0C1728-C905-3A58-A285-C32ECF903BB4> /usr/lib/system/libcommonCrypto.dylib
dyld: <AD12DBB0-8D0B-3D71-800D-E591A3CBE0D8> /usr/lib/system/libcompiler_rt.dylib
dyld: <DDE4BE71-76BA-3CDC-B3B0-F5E0BADF8FF2> /usr/lib/system/libcopyfile.dylib
dyld: <96A88875-7771-394E-A88E-389DCD02A935> /usr/lib/system/libcorecrypto.dylib
dyld: <6B7B23E3-2FD4-3EA2-8A89-CE06244CCA98> /usr/lib/system/libdispatch.dylib
dyld: <9F95C644-D1BD-38D9-9612-6188FE9EA53C> /usr/lib/system/libdyld.dylib
dyld: <1A66B854-350D-3064-A606-2D9BFE71C400> /usr/lib/system/libkeymgr.dylib
dyld: <3C5E58AF-F753-378B-8E0C-F3C9BB82E04D> /usr/lib/system/liblaunch.dylib
dyld: <D503EC4A-6B6A-39C4-8218-9F4B6147A5BF> /usr/lib/system/libmacho.dylib
dyld: <FABCD375-2FD7-3FF5-9A28-452D8A323D3E> /usr/lib/system/libquarantine.dylib
dyld: <DC4523F8-F5FF-3837-BD58-0AA8763F8FDE> /usr/lib/system/libremovefile.dylib
dyld: <4D4E0D4F-8B40-3ACC-85E1-16375966D6CC> /usr/lib/system/libsystem_asl.dylib
dyld: <1C8538C3-F2BE-3F02-89AE-E7052DE66D51> /usr/lib/system/libsystem_blocks.dylib
dyld: <DF45CDEC-6B7E-3586-94B4-F3679A762661> /usr/lib/system/libsystem_c.dylib
dyld: <8B0EA86C-AFA8-3B51-916F-7ED9A42669A4> /usr/lib/system/libsystem_collections.dylib
dyld: <49050F1E-3143-31B9-8B5C-FCCE4C6F23E5> /usr/lib/system/libsystem_configuration.dylib
dyld: <3BAF45DD-75D2-3D8A-845E-83A7058CBA08> /usr/lib/system/libsystem_containermanager.dylib
dyld: <A1451528-AD1D-3E86-93A9-1340535FAF46> /usr/lib/system/libsystem_coreservices.dylib
dyld: <28AB0CBC-61F6-3A01-BCE2-A53DA1AECB0F> /usr/lib/system/libsystem_darwin.dylib
dyld: <600B1851-C1D4-3ACF-BE2A-99E7E40E6FC0> /usr/lib/system/libsystem_dnssd.dylib
dyld: <FEA91919-A5BB-3606-9445-F2077D90BF87> /usr/lib/system/libsystem_featureflags.dylib
dyld: <C189F0D7-A430-328D-BD7F-7EB0FA023736> /usr/lib/system/libsystem_info.dylib
dyld: <2F75F75F-DB36-3841-988F-48A7237ED6E9> /usr/lib/system/libsystem_m.dylib
dyld: <029B5632-62B4-39F6-981C-BCA99C1FBF1D> /usr/lib/system/libsystem_malloc.dylib
dyld: <33F45B5A-D346-3E7F-AB34-DFC4387E5A3C> /usr/lib/system/libsystem_networkextension.dylib
dyld: <1AA89769-E07F-37CD-BBCF-6DBD345862EB> /usr/lib/system/libsystem_notify.dylib
dyld: <4CCFBF85-6483-364F-A8D6-A5D2956BEC52> /usr/lib/system/libsystem_product_info_filter.dylib
dyld: <24C8DF94-E258-3E24-AC96-2D1FB85F076A> /usr/lib/system/libsystem_sandbox.dylib
dyld: <18494A83-796C-33D5-A6D0-BD4E0C2BBFC4> /usr/lib/system/libsystem_secinit.dylib
dyld: <62A19DE4-50C5-3866-B5B2-43220E379C3B> /usr/lib/system/libsystem_kernel.dylib
dyld: <03429519-EBEA-3549-84A6-0FD426CB7373> /usr/lib/system/libsystem_platform.dylib
dyld: <52F807B1-41A0-3D1E-AE89-115CA570863F> /usr/lib/system/libsystem_pthread.dylib
dyld: <226C631F-5380-395A-AA20-D686AEA05B9B> /usr/lib/system/libsystem_symptoms.dylib
dyld: <1AAE1F8F-9F9D-3327-8A95-3A6887CED713> /usr/lib/system/libsystem_trace.dylib
dyld: <32F74246-BEB8-3249-8C51-CAD863EF158E> /usr/lib/system/libunwind.dylib
dyld: <CFB56DA8-7462-3E8F-9CFB-20926C6A2BB5> /usr/lib/system/libxpc.dylib
dyld: <929E3040-4605-3C14-885B-D742EF02F2CB> /usr/lib/libobjc.A.dylib
dyld: <22AFC7FC-2DB6-3EF0-9CC0-EFFB9B65D5E2> /usr/lib/libc++abi.dylib
dyld: <E3126D8C-F1F5-3E30-B7A2-0EB1AB0AF12D> /usr/lib/liboah.dylib
dyld: <B027735F-B398-381C-84A7-606D7BBE4997> /usr/lib/libc++.1.dylib
dyld: <E464AA19-B280-3250-96FA-FA4655851C73> /usr/bin/git
dyld: <D694E34C-FA1B-34E3-BAAA-B6CE9B8854A2> /usr/lib/libxcselect.dylib
dyld: <EADFB1D1-E113-35B4-BD2D-C1E4C38010D4> /usr/lib/libSystem.B.dylib
dyld: <ED7D7EB4-B248-33A9-9E6A-58F45EAB7602> /usr/lib/system/libcache.dylib
dyld: <EA0C1728-C905-3A58-A285-C32ECF903BB4> /usr/lib/system/libcommonCrypto.dylib
dyld: <AD12DBB0-8D0B-3D71-800D-E591A3CBE0D8> /usr/lib/system/libcompiler_rt.dylib
dyld: <DDE4BE71-76BA-3CDC-B3B0-F5E0BADF8FF2> /usr/lib/system/libcopyfile.dylib
dyld: <96A88875-7771-394E-A88E-389DCD02A935> /usr/lib/system/libcorecrypto.dylib
dyld: <6B7B23E3-2FD4-3EA2-8A89-CE06244CCA98> /usr/lib/system/libdispatch.dylib
dyld: <9F95C644-D1BD-38D9-9612-6188FE9EA53C> /usr/lib/system/libdyld.dylib
dyld: <1A66B854-350D-3064-A606-2D9BFE71C400> /usr/lib/system/libkeymgr.dylib
dyld: <3C5E58AF-F753-378B-8E0C-F3C9BB82E04D> /usr/lib/system/liblaunch.dylib
dyld: <D503EC4A-6B6A-39C4-8218-9F4B6147A5BF> /usr/lib/system/libmacho.dylib
dyld: <FABCD375-2FD7-3FF5-9A28-452D8A323D3E> /usr/lib/system/libquarantine.dylib
dyld: <DC4523F8-F5FF-3837-BD58-0AA8763F8FDE> /usr/lib/system/libremovefile.dylib
dyld: <4D4E0D4F-8B40-3ACC-85E1-16375966D6CC> /usr/lib/system/libsystem_asl.dylib
dyld: <1C8538C3-F2BE-3F02-89AE-E7052DE66D51> /usr/lib/system/libsystem_blocks.dylib
dyld: <DF45CDEC-6B7E-3586-94B4-F3679A762661> /usr/lib/system/libsystem_c.dylib
dyld: <8B0EA86C-AFA8-3B51-916F-7ED9A42669A4> /usr/lib/system/libsystem_collections.dylib
dyld: <49050F1E-3143-31B9-8B5C-FCCE4C6F23E5> /usr/lib/system/libsystem_configuration.dylib
dyld: <3BAF45DD-75D2-3D8A-845E-83A7058CBA08> /usr/lib/system/libsystem_containermanager.dylib
dyld: <A1451528-AD1D-3E86-93A9-1340535FAF46> /usr/lib/system/libsystem_coreservices.dylib
dyld: <28AB0CBC-61F6-3A01-BCE2-A53DA1AECB0F> /usr/lib/system/libsystem_darwin.dylib
dyld: <600B1851-C1D4-3ACF-BE2A-99E7E40E6FC0> /usr/lib/system/libsystem_dnssd.dylib
dyld: <FEA91919-A5BB-3606-9445-F2077D90BF87> /usr/lib/system/libsystem_featureflags.dylib
dyld: <C189F0D7-A430-328D-BD7F-7EB0FA023736> /usr/lib/system/libsystem_info.dylib
dyld: <2F75F75F-DB36-3841-988F-48A7237ED6E9> /usr/lib/system/libsystem_m.dylib
dyld: <029B5632-62B4-39F6-981C-BCA99C1FBF1D> /usr/lib/system/libsystem_malloc.dylib
dyld: <33F45B5A-D346-3E7F-AB34-DFC4387E5A3C> /usr/lib/system/libsystem_networkextension.dylib
dyld: <1AA89769-E07F-37CD-BBCF-6DBD345862EB> /usr/lib/system/libsystem_notify.dylib
dyld: <4CCFBF85-6483-364F-A8D6-A5D2956BEC52> /usr/lib/system/libsystem_product_info_filter.dylib
dyld: <24C8DF94-E258-3E24-AC96-2D1FB85F076A> /usr/lib/system/libsystem_sandbox.dylib
dyld: <18494A83-796C-33D5-A6D0-BD4E0C2BBFC4> /usr/lib/system/libsystem_secinit.dylib
dyld: <62A19DE4-50C5-3866-B5B2-43220E379C3B> /usr/lib/system/libsystem_kernel.dylib
dyld: <03429519-EBEA-3549-84A6-0FD426CB7373> /usr/lib/system/libsystem_platform.dylib
dyld: <52F807B1-41A0-3D1E-AE89-115CA570863F> /usr/lib/system/libsystem_pthread.dylib
dyld: <226C631F-5380-395A-AA20-D686AEA05B9B> /usr/lib/system/libsystem_symptoms.dylib
dyld: <1AAE1F8F-9F9D-3327-8A95-3A6887CED713> /usr/lib/system/libsystem_trace.dylib
dyld: <32F74246-BEB8-3249-8C51-CAD863EF158E> /usr/lib/system/libunwind.dylib
dyld: <CFB56DA8-7462-3E8F-9CFB-20926C6A2BB5> /usr/lib/system/libxpc.dylib
dyld: <929E3040-4605-3C14-885B-D742EF02F2CB> /usr/lib/libobjc.A.dylib
dyld: <22AFC7FC-2DB6-3EF0-9CC0-EFFB9B65D5E2> /usr/lib/libc++abi.dylib
dyld: <E3126D8C-F1F5-3E30-B7A2-0EB1AB0AF12D> /usr/lib/liboah.dylib
dyld: <B027735F-B398-381C-84A7-606D7BBE4997> /usr/lib/libc++.1.dylib
dyld: load /Applications/Xcode.app/Contents/Developer/usr/lib/libxcrun.dylib
dyld: <AD0C4D8A-9200-3F5F-9DED-D52D78CECE92> /Applications/Xcode.app/Contents/Developer/usr/lib/libxcrun.dylib
dyld: <895AFD1C-0307-32B3-81CB-BA33DA368DE1> /System/Library/Frameworks/CoreFoundation.framework/Versions/A/CoreFoundation
dyld: <3EDDC5DA-6FAD-3031-91C1-E3465C34E643> /usr/lib/libfakelink.dylib
dyld: <478D57C3-FFF8-35E1-A64F-8490A616AB37> /usr/lib/libicucore.A.dylib
dyld: <82988A53-B066-3D39-A314-CE3C5C3868DE> /System/Library/PrivateFrameworks/SoftLinking.framework/Versions/A/SoftLinking
dyld: <E464AA19-B280-3250-96FA-FA4655851C73> /usr/bin/git
dyld: <D694E34C-FA1B-34E3-BAAA-B6CE9B8854A2> /usr/lib/libxcselect.dylib
dyld: <EADFB1D1-E113-35B4-BD2D-C1E4C38010D4> /usr/lib/libSystem.B.dylib
dyld: <ED7D7EB4-B248-33A9-9E6A-58F45EAB7602> /usr/lib/system/libcache.dylib
dyld: <EA0C1728-C905-3A58-A285-C32ECF903BB4> /usr/lib/system/libcommonCrypto.dylib
dyld: <AD12DBB0-8D0B-3D71-800D-E591A3CBE0D8> /usr/lib/system/libcompiler_rt.dylib
dyld: <DDE4BE71-76BA-3CDC-B3B0-F5E0BADF8FF2> /usr/lib/system/libcopyfile.dylib
dyld: <96A88875-7771-394E-A88E-389DCD02A935> /usr/lib/system/libcorecrypto.dylib
dyld: <6B7B23E3-2FD4-3EA2-8A89-CE06244CCA98> /usr/lib/system/libdispatch.dylib
dyld: <9F95C644-D1BD-38D9-9612-6188FE9EA53C> /usr/lib/system/libdyld.dylib
dyld: <1A66B854-350D-3064-A606-2D9BFE71C400> /usr/lib/system/libkeymgr.dylib
dyld: <3C5E58AF-F753-378B-8E0C-F3C9BB82E04D> /usr/lib/system/liblaunch.dylib
dyld: <D503EC4A-6B6A-39C4-8218-9F4B6147A5BF> /usr/lib/system/libmacho.dylib
dyld: <FABCD375-2FD7-3FF5-9A28-452D8A323D3E> /usr/lib/system/libquarantine.dylib
dyld: <DC4523F8-F5FF-3837-BD58-0AA8763F8FDE> /usr/lib/system/libremovefile.dylib
dyld: <4D4E0D4F-8B40-3ACC-85E1-16375966D6CC> /usr/lib/system/libsystem_asl.dylib
dyld: <1C8538C3-F2BE-3F02-89AE-E7052DE66D51> /usr/lib/system/libsystem_blocks.dylib
dyld: <DF45CDEC-6B7E-3586-94B4-F3679A762661> /usr/lib/system/libsystem_c.dylib
dyld: <8B0EA86C-AFA8-3B51-916F-7ED9A42669A4> /usr/lib/system/libsystem_collections.dylib
dyld: <49050F1E-3143-31B9-8B5C-FCCE4C6F23E5> /usr/lib/system/libsystem_configuration.dylib
dyld: <3BAF45DD-75D2-3D8A-845E-83A7058CBA08> /usr/lib/system/libsystem_containermanager.dylib
dyld: <A1451528-AD1D-3E86-93A9-1340535FAF46> /usr/lib/system/libsystem_coreservices.dylib
dyld: <28AB0CBC-61F6-3A01-BCE2-A53DA1AECB0F> /usr/lib/system/libsystem_darwin.dylib
dyld: <600B1851-C1D4-3ACF-BE2A-99E7E40E6FC0> /usr/lib/system/libsystem_dnssd.dylib
dyld: <FEA91919-A5BB-3606-9445-F2077D90BF87> /usr/lib/system/libsystem_featureflags.dylib
dyld: <C189F0D7-A430-328D-BD7F-7EB0FA023736> /usr/lib/system/libsystem_info.dylib
dyld: <2F75F75F-DB36-3841-988F-48A7237ED6E9> /usr/lib/system/libsystem_m.dylib
dyld: <029B5632-62B4-39F6-981C-BCA99C1FBF1D> /usr/lib/system/libsystem_malloc.dylib
dyld: <33F45B5A-D346-3E7F-AB34-DFC4387E5A3C> /usr/lib/system/libsystem_networkextension.dylib
dyld: <1AA89769-E07F-37CD-BBCF-6DBD345862EB> /usr/lib/system/libsystem_notify.dylib
dyld: <4CCFBF85-6483-364F-A8D6-A5D2956BEC52> /usr/lib/system/libsystem_product_info_filter.dylib
dyld: <24C8DF94-E258-3E24-AC96-2D1FB85F076A> /usr/lib/system/libsystem_sandbox.dylib
dyld: <18494A83-796C-33D5-A6D0-BD4E0C2BBFC4> /usr/lib/system/libsystem_secinit.dylib
dyld: <62A19DE4-50C5-3866-B5B2-43220E379C3B> /usr/lib/system/libsystem_kernel.dylib
dyld: <03429519-EBEA-3549-84A6-0FD426CB7373> /usr/lib/system/libsystem_platform.dylib
dyld: <52F807B1-41A0-3D1E-AE89-115CA570863F> /usr/lib/system/libsystem_pthread.dylib
dyld: <226C631F-5380-395A-AA20-D686AEA05B9B> /usr/lib/system/libsystem_symptoms.dylib
dyld: <1AAE1F8F-9F9D-3327-8A95-3A6887CED713> /usr/lib/system/libsystem_trace.dylib
dyld: <32F74246-BEB8-3249-8C51-CAD863EF158E> /usr/lib/system/libunwind.dylib
dyld: <CFB56DA8-7462-3E8F-9CFB-20926C6A2BB5> /usr/lib/system/libxpc.dylib
dyld: <929E3040-4605-3C14-885B-D742EF02F2CB> /usr/lib/libobjc.A.dylib
dyld: <22AFC7FC-2DB6-3EF0-9CC0-EFFB9B65D5E2> /usr/lib/libc++abi.dylib
dyld: <E3126D8C-F1F5-3E30-B7A2-0EB1AB0AF12D> /usr/lib/liboah.dylib
dyld: <B027735F-B398-381C-84A7-606D7BBE4997> /usr/lib/libc++.1.dylib
dyld: load /Applications/Xcode.app/Contents/Developer/usr/lib/libxcrun.dylib
dyld: <AD0C4D8A-9200-3F5F-9DED-D52D78CECE92> /Applications/Xcode.app/Contents/Developer/usr/lib/libxcrun.dylib
dyld: <895AFD1C-0307-32B3-81CB-BA33DA368DE1> /System/Library/Frameworks/CoreFoundation.framework/Versions/A/CoreFoundation
dyld: <3EDDC5DA-6FAD-3031-91C1-E3465C34E643> /usr/lib/libfakelink.dylib
dyld: <478D57C3-FFF8-35E1-A64F-8490A616AB37> /usr/lib/libicucore.A.dylib
dyld: <82988A53-B066-3D39-A314-CE3C5C3868DE> /System/Library/PrivateFrameworks/SoftLinking.framework/Versions/A/SoftLinking
